c:\computergraphics\projects\project11\project11b\project11b\x64\debug\vc142.pdb
c:\computergraphics\projects\project11\project11b\project11b\x64\debug\vc142.idb
c:\computergraphics\projects\project11\project11b\project11b\x64\debug\mercedes_g_class_pieces.obj
c:\computergraphics\projects\project11\project11b\project11b\x64\debug\mercedes_g_class.obj
c:\computergraphics\projects\project11\project11b\project11b\x64\debug\main.obj
c:\computergraphics\projects\project11\project11b\project11b\x64\debug\footballgoal_pieces.obj
c:\computergraphics\projects\project11\project11b\project11b\x64\debug\footballgoal.obj
c:\computergraphics\projects\project11\project11b\project11b\x64\debug\cgsphere.obj
c:\computergraphics\projects\project11\project11b\project11b\x64\debug\cgskybox.obj
c:\computergraphics\projects\project11\project11b\project11b\x64\debug\cgshaderprogram.obj
c:\computergraphics\projects\project11\project11b\project11b\x64\debug\cgscene.obj
c:\computergraphics\projects\project11\project11b\project11b\x64\debug\cgpiece.obj
c:\computergraphics\projects\project11\project11b\project11b\x64\debug\cgobject.obj
c:\computergraphics\projects\project11\project11b\project11b\x64\debug\cgmodel.obj
c:\computergraphics\projects\project11\project11b\project11b\x64\debug\cgmaterial.obj
c:\computergraphics\projects\project11\project11b\project11b\x64\debug\cglight.obj
c:\computergraphics\projects\project11\project11b\project11b\x64\debug\cgground.obj
c:\computergraphics\projects\project11\project11b\project11b\x64\debug\cgfigure.obj
c:\computergraphics\projects\project11\project11b\project11b\x64\debug\cgcamera.obj
c:\computergraphics\projects\project11\project11b\project11b\x64\debug\cgapplication.obj
c:\computergraphics\projects\project11\project11b\project11b\x64\debug\proyecto final rv.ilk
c:\computergraphics\projects\project11\project11b\x64\debug\proyecto final rv.exe
c:\computergraphics\projects\project11\project11b\x64\debug\proyecto final rv.pdb
c:\computergraphics\projects\project11\project11b\project11b\x64\debug\project11b.res
c:\computergraphics\projects\project11\project11b\project11b\x64\debug\proyecto.1715c71e.tlog\cl.command.1.tlog
c:\computergraphics\projects\project11\project11b\project11b\x64\debug\proyecto.1715c71e.tlog\cl.read.1.tlog
c:\computergraphics\projects\project11\project11b\project11b\x64\debug\proyecto.1715c71e.tlog\cl.write.1.tlog
c:\computergraphics\projects\project11\project11b\project11b\x64\debug\proyecto.1715c71e.tlog\link.command.1.tlog
c:\computergraphics\projects\project11\project11b\project11b\x64\debug\proyecto.1715c71e.tlog\link.read.1.tlog
c:\computergraphics\projects\project11\project11b\project11b\x64\debug\proyecto.1715c71e.tlog\link.write.1.tlog
c:\computergraphics\projects\project11\project11b\project11b\x64\debug\proyecto.1715c71e.tlog\rc.command.1.tlog
c:\computergraphics\projects\project11\project11b\project11b\x64\debug\proyecto.1715c71e.tlog\rc.read.1.tlog
c:\computergraphics\projects\project11\project11b\project11b\x64\debug\proyecto.1715c71e.tlog\rc.write.1.tlog
