C:\Program Files (x86)\Microsoft Visual Studio\2019\Community\MSBuild\Microsoft\VC\v160\Microsoft.CppBuild.targets(513,5): warning MSB8028: El directorio intermedio (x64\Release\) contiene archivos compartidos de otro proyecto (Project11b.vcxproj). Esto puede dar lugar a un comportamiento incorrecto de limpieza y recompilación.
  CGApplication.cpp
  CGCamera.cpp
  CGFigure.cpp
  CGGround.cpp
C:\ComputerGraphics\Projects\Project11\Project11b\Project11b\CGGround.cpp(42,23): warning C4018: '<': no coinciden signed/unsigned
C:\ComputerGraphics\Projects\Project11\Project11b\Project11b\CGGround.cpp(45,23): warning C4018: '<': no coinciden signed/unsigned
C:\ComputerGraphics\Projects\Project11\Project11b\Project11b\CGGround.cpp(48,23): warning C4018: '<': no coinciden signed/unsigned
C:\ComputerGraphics\Projects\Project11\Project11b\Project11b\CGGround.cpp(51,23): warning C4018: '<': no coinciden signed/unsigned
  CGLight.cpp
  CGMaterial.cpp
  CGModel.cpp
C:\ComputerGraphics\Projects\Project11\Project11b\Project11b\CGModel.cpp(460,18): warning C4305: '=': truncamiento de 'double' a 'GLfloat'
C:\ComputerGraphics\Projects\Project11\Project11b\Project11b\CGModel.cpp(484,70): warning C4244: '=': conversión de 'double' a 'GLfloat'; posible pérdida de datos
C:\ComputerGraphics\Projects\Project11\Project11b\Project11b\CGModel.cpp(485,55): warning C4244: '=': conversión de 'double' a 'GLfloat'; posible pérdida de datos
  CGObject.cpp
  CGPiece.cpp
  CGScene.cpp
  CGShaderProgram.cpp
C:\ComputerGraphics\Projects\Project11\Project11b\Project11b\CGShaderProgram.cpp(187,50): warning C4267: 'inicializando': conversión de 'size_t' a 'int'; posible pérdida de datos
  CGSkybox.cpp
  CGSphere.cpp
C:\ComputerGraphics\Projects\Project11\Project11b\Project11b\CGSphere.cpp(33,45): warning C4244: '=': conversión de 'double' a 'GLfloat'; posible pérdida de datos
C:\ComputerGraphics\Projects\Project11\Project11b\Project11b\CGSphere.cpp(56,47): warning C4244: '=': conversión de 'double' a 'GLfloat'; posible pérdida de datos
C:\ComputerGraphics\Projects\Project11\Project11b\Project11b\CGSphere.cpp(72,45): warning C4244: '=': conversión de 'double' a 'GLfloat'; posible pérdida de datos
  footballgoal.cpp
C:\ComputerGraphics\Projects\Project11\Project11b\Project11b\footballgoal.cpp(24,17): warning C4154: eliminación de una expresión de matriz; suministrada una conversión a puntero
C:\ComputerGraphics\Projects\Project11\Project11b\Project11b\footballgoal.cpp(26,14): warning C4154: eliminación de una expresión de matriz; suministrada una conversión a puntero
  footballgoal_pieces.cpp
  main.cpp
  Mercedes_G_Class.cpp
C:\ComputerGraphics\Projects\Project11\Project11b\Project11b\Mercedes_G_Class.cpp(43,17): warning C4154: eliminación de una expresión de matriz; suministrada una conversión a puntero
C:\ComputerGraphics\Projects\Project11\Project11b\Project11b\Mercedes_G_Class.cpp(45,14): warning C4154: eliminación de una expresión de matriz; suministrada una conversión a puntero
  Mercedes_G_Class_pieces.cpp
  Generando código
  Previous IPDB not found, fall back to full compilation.
  All 239 functions were compiled because no usable IPDB/IOBJ from previous compilation was found.
  Generación de código finalizada
  Project11b.vcxproj -> C:\ComputerGraphics\Projects\Project11\Project11b\x64\Release\Proyecto Final RV.exe
