c:\computergraphics\projects\project11\project11b\project11b\x64\release\vc142.pdb
c:\computergraphics\projects\project11\project11b\project11b\x64\release\mercedes_g_class_pieces.obj
c:\computergraphics\projects\project11\project11b\project11b\x64\release\mercedes_g_class.obj
c:\computergraphics\projects\project11\project11b\project11b\x64\release\main.obj
c:\computergraphics\projects\project11\project11b\project11b\x64\release\footballgoal_pieces.obj
c:\computergraphics\projects\project11\project11b\project11b\x64\release\footballgoal.obj
c:\computergraphics\projects\project11\project11b\project11b\x64\release\cgsphere.obj
c:\computergraphics\projects\project11\project11b\project11b\x64\release\cgskybox.obj
c:\computergraphics\projects\project11\project11b\project11b\x64\release\cgshaderprogram.obj
c:\computergraphics\projects\project11\project11b\project11b\x64\release\cgscene.obj
c:\computergraphics\projects\project11\project11b\project11b\x64\release\cgpiece.obj
c:\computergraphics\projects\project11\project11b\project11b\x64\release\cgobject.obj
c:\computergraphics\projects\project11\project11b\project11b\x64\release\cgmodel.obj
c:\computergraphics\projects\project11\project11b\project11b\x64\release\cgmaterial.obj
c:\computergraphics\projects\project11\project11b\project11b\x64\release\cglight.obj
c:\computergraphics\projects\project11\project11b\project11b\x64\release\cgground.obj
c:\computergraphics\projects\project11\project11b\project11b\x64\release\cgfigure.obj
c:\computergraphics\projects\project11\project11b\project11b\x64\release\cgcamera.obj
c:\computergraphics\projects\project11\project11b\project11b\x64\release\cgapplication.obj
c:\computergraphics\projects\project11\project11b\x64\release\proyecto final rv.exe
c:\computergraphics\projects\project11\project11b\project11b\x64\release\proyecto final rv.ipdb
c:\computergraphics\projects\project11\project11b\project11b\x64\release\proyecto final rv.iobj
c:\computergraphics\projects\project11\project11b\x64\release\proyecto final rv.pdb
c:\computergraphics\projects\project11\project11b\project11b\x64\release\project11b.res
c:\computergraphics\projects\project11\project11b\project11b\x64\release\proyecto.1715c71e.tlog\cl.command.1.tlog
c:\computergraphics\projects\project11\project11b\project11b\x64\release\proyecto.1715c71e.tlog\cl.read.1.tlog
c:\computergraphics\projects\project11\project11b\project11b\x64\release\proyecto.1715c71e.tlog\cl.write.1.tlog
c:\computergraphics\projects\project11\project11b\project11b\x64\release\proyecto.1715c71e.tlog\link.command.1.tlog
c:\computergraphics\projects\project11\project11b\project11b\x64\release\proyecto.1715c71e.tlog\link.read.1.tlog
c:\computergraphics\projects\project11\project11b\project11b\x64\release\proyecto.1715c71e.tlog\link.write.1.tlog
c:\computergraphics\projects\project11\project11b\project11b\x64\release\proyecto.1715c71e.tlog\rc.command.1.tlog
c:\computergraphics\projects\project11\project11b\project11b\x64\release\proyecto.1715c71e.tlog\rc.read.1.tlog
c:\computergraphics\projects\project11\project11b\project11b\x64\release\proyecto.1715c71e.tlog\rc.write.1.tlog
